  fileWork.c
C:\Users\romay\Desktop\Лабы\!LLP\Lab1\Lab1\fileWork.c(12,49): warning C4047: функция: "LPDWORD" отличается по уровням косвенного обращения от "DWORD"
C:\Users\romay\Desktop\Лабы\!LLP\Lab1\Lab1\fileWork.c(12,39): warning C4024: GetFileSize: различные типы для формального и фактического параметров 2
C:\Users\romay\Desktop\Лабы\!LLP\Lab1\Lab1\fileWork.c(45,60): warning C4047: функция: "LPDWORD" отличается по уровням косвенного обращения от "DWORD"
C:\Users\romay\Desktop\Лабы\!LLP\Lab1\Lab1\fileWork.c(45,50): warning C4024: GetFileSize: различные типы для формального и фактического параметров 2
C:\Users\romay\Desktop\Лабы\!LLP\Lab1\Lab1\fileWork.c(48,14): warning C4098: updateMapping: функция типа "void", возвращающая значение
C:\Users\romay\Desktop\Лабы\!LLP\Lab1\Lab1\fileWork.c(56,14): warning C4098: updateMapping: функция типа "void", возвращающая значение
C:\Users\romay\Desktop\Лабы\!LLP\Lab1\Lab1\fileWork.c(229,43): warning C4013: getListCountFromMaping: нет определения; предполагается "extern" с возвратом типа "int"
  start.c
  tablework.c
C:\Users\romay\Desktop\Лабы\!LLP\Lab1\Lab1\tablework.c(20,24): warning C4013: setTableStartOnPage: нет определения; предполагается "extern" с возвратом типа "int"
C:\Users\romay\Desktop\Лабы\!LLP\Lab1\Lab1\tablework.c(231,17): warning C4013: copyRawToArray: нет определения; предполагается "extern" с возвратом типа "int"
C:\Users\romay\Desktop\Лабы\!LLP\Lab1\Lab1\tablework.c(232,30): warning C4013: compareRawWithCondition: нет определения; предполагается "extern" с возвратом типа "int"
C:\Users\romay\Desktop\Лабы\!LLP\Lab1\Lab1\tablework.c(233,13): warning C4013: deleteRaw: нет определения; предполагается "extern" с возвратом типа "int"
C:\Users\romay\Desktop\Лабы\!LLP\Lab1\Lab1\tablework.c(237,30): warning C4013: getNextRaw: нет определения; предполагается "extern" с возвратом типа "int"
C:\Users\romay\Desktop\Лабы\!LLP\Lab1\Lab1\tablework.c(247,46): warning C4013: getTransportCellFromNum: нет определения; предполагается "extern" с возвратом типа "int"
C:\Users\romay\Desktop\Лабы\!LLP\Lab1\Lab1\tablework.c(403,12): warning C4013: getColumn: нет определения; предполагается "extern" с возвратом типа "int"
C:\Users\romay\Desktop\Лабы\!LLP\Lab1\Lab1\tablework.c(404,1): warning C4244: инициализация: преобразование "double" в "int", возможна потеря данных
C:\Users\romay\Desktop\Лабы\!LLP\Lab1\Lab1\tablework.c(555,139): warning C4029: объявленный список формальных параметров отличается от объявления
  Создание кода
C:\Users\romay\Desktop\Лабы\!LLP\Lab1\Lab1\tablework.c(397): warning C4716: copyRawToArray: должна возвращать значение
C:\Users\romay\Desktop\Лабы\!LLP\Lab1\Lab1\fileWork.c(165): warning C4716: setMyPageFree: должна возвращать значение
C:\Users\romay\Desktop\Лабы\!LLP\Lab1\Lab1\fileWork.c(177): warning C4716: setTableStartOnPage: должна возвращать значение
  22 of 31 functions (71.0%) were compiled, the rest were copied from previous compilation.
    6 functions were new in current compilation
    0 functions had inline decision re-evaluated but remain unchanged
  Создание кода завершено
  Lab1.vcxproj -> C:\Users\romay\Desktop\Лабы\!LLP\Lab1\Release\Lab1.exe
