  fileWork.c
C:\Users\romay\Desktop\Лабы\!LLP\Lab1\Lab1\fileWork.c(12,49): warning C4047: функция: "LPDWORD" отличается по уровням косвенного обращения от "DWORD"
C:\Users\romay\Desktop\Лабы\!LLP\Lab1\Lab1\fileWork.c(12,39): warning C4024: GetFileSize: различные типы для формального и фактического параметров 2
C:\Users\romay\Desktop\Лабы\!LLP\Lab1\Lab1\fileWork.c(45,60): warning C4047: функция: "LPDWORD" отличается по уровням косвенного обращения от "DWORD"
C:\Users\romay\Desktop\Лабы\!LLP\Lab1\Lab1\fileWork.c(45,50): warning C4024: GetFileSize: различные типы для формального и фактического параметров 2
C:\Users\romay\Desktop\Лабы\!LLP\Lab1\Lab1\fileWork.c(48,14): warning C4098: updateMapping: функция типа "void", возвращающая значение
C:\Users\romay\Desktop\Лабы\!LLP\Lab1\Lab1\fileWork.c(56,14): warning C4098: updateMapping: функция типа "void", возвращающая значение
C:\Users\romay\Desktop\Лабы\!LLP\Lab1\Lab1\fileWork.c(92,90): warning C4267: функция: преобразование из "size_t" в "DWORD"; возможна потеря данных
C:\Users\romay\Desktop\Лабы\!LLP\Lab1\Lab1\fileWork.c(217,43): warning C4013: getListCountFromMaping: нет определения; предполагается "extern" с возвратом типа "int"
C:\Users\romay\Desktop\Лабы\!LLP\Lab1\Lab1\fileWork.c(224,36): warning C4267: return: преобразование из "size_t" в "int"; возможна потеря данных
  start.c
  tablework.c
C:\Users\romay\Desktop\Лабы\!LLP\Lab1\Lab1\tablework.c(19,24): warning C4013: setTableStartOnPage: нет определения; предполагается "extern" с возвратом типа "int"
C:\Users\romay\Desktop\Лабы\!LLP\Lab1\Lab1\tablework.c(251,54): warning C4133: =: несовместимые типы - из "table_data *" в "cell *"
C:\Users\romay\Desktop\Лабы\!LLP\Lab1\Lab1\tablework.c(290,55): warning C4133: =: несовместимые типы - из "table_data *" в "cell *"
  Создание кода...
C:\Users\romay\Desktop\Лабы\!LLP\Lab1\Lab1\tablework.c(403): warning C4716: changeRaw: должна возвращать значение
C:\Users\romay\Desktop\Лабы\!LLP\Lab1\Lab1\fileWork.c(95): warning C4172: возвращение адреса локальной или временной переменной : ret
C:\Users\romay\Desktop\Лабы\!LLP\Lab1\Lab1\fileWork.c(166): warning C4716: setTableStartOnPage: должна возвращать значение
C:\Users\romay\Desktop\Лабы\!LLP\Lab1\Lab1\fileWork.c(197): warning C4716: registerFreePage: должна возвращать значение
C:\Users\romay\Desktop\Лабы\!LLP\Lab1\Lab1\fileWork.c(155): warning C4716: setMyPageFree: должна возвращать значение
  Lab1.vcxproj -> C:\Users\romay\Desktop\Лабы\!LLP\Lab1\x64\Debug\Lab1.exe
